<?xml version="1.0" encoding="UTF-8"?>
<testsuite xmlns:xsi="http://www.w3.org/2001/XMLSchema-instance" xsi:noNamespaceSchemaLocation="https://maven.apache.org/surefire/maven-surefire-plugin/xsd/surefire-test-report-3.0.xsd" version="3.0" name="me.abner.mp.custom.MainTest" time="1.054" tests="1" errors="1" skipped="0" failures="0">
  <properties>
[...]
</properties>
  <testcase name="testGreet" classname="me.abner.mp.custom.MainTest" time="0.137">
    <error type="jakarta.ws.rs.NotFoundException"><![CDATA[jakarta.ws.rs.NotFoundException: HTTP 404 Not Found
	at me.abner.mp.custom.MainTest.testGreet(MainTest.java:29)
]]></error>
    <system-out><![CDATA[2022.11.01 13:08:39 INFO io.helidon.common.LogConfig Thread[main,5,main]: Logging at initialization configured using /Users/abner/oci/java/custom-mp/target/classes/logging.properties
2022.11.01 13:08:39 INFO io.helidon.security.Security$Builder Thread[main,5,main]: Security is disabled, ignoring provider configuration
2022.11.01 13:08:39 INFO io.helidon.microprofile.security.SecurityCdiExtension Thread[main,5,main]: Authorization provider is missing from security configuration, but security extension for microprofile is enabled (requires providers configuration at key security.providers). ABAC provider is configured for authorization.
2022.11.01 13:08:39 INFO io.helidon.microprofile.security.SecurityCdiExtension Thread[main,5,main]: Security is disabled.
2022.11.01 13:08:40 INFO io.helidon.microprofile.server.ServerCdiExtension Thread[main,5,main]: Registering JAX-RS Application: ApplicationConfig
2022.11.01 13:08:40 INFO io.helidon.security.integration.webserver.WebSecurity Thread[main,5,main]: Security is disabled. Not registering any security handlers
2022.11.01 13:08:40 INFO io.helidon.webserver.NettyWebServer Thread[nioEventLoopGroup-2-1,10,main]: Channel '@default' started: [id: 0x79ca460f, L:/[0:0:0:0:0:0:0:0]:62877]
2022.11.01 13:08:40 INFO io.helidon.microprofile.server.ServerCdiExtension Thread[main,5,main]: Server started on http://localhost:62877 (and all other host addresses) in 1098 milliseconds (since JVM startup).
2022.11.01 13:08:40 INFO io.helidon.common.HelidonFeatures Thread[features-thread,5,main]: Helidon MP 3.0.2 features: [CDI, Config, JAX-RS, Security, Server]
]]></system-out>
  </testcase>
</testsuite>